2023-06-21 23:35:37,188 INFO  [restartedMain] com.tpe.SpringBootIntroApplication:Starting SpringBootIntroApplication using Java 17.0.5 on YAKAMOZ with PID 2712 (E:\TechProInstructor\B151-157\B153-154-JAVA-DEV-TR\08- SpringBoot\SpringBootIntro\target\classes started by MSI in E:\TechProInstructor\B151-157\B153-154-JAVA-DEV-TR\08- SpringBoot\SpringBootIntro)
2023-06-21 23:35:37,195 INFO  [restartedMain] com.tpe.SpringBootIntroApplication:No active profile set, falling back to default profiles: default
2023-06-21 23:35:37,281 INFO  [restartedMain] org.springframework.boot.devtools.env.DevToolsPropertyDefaultsPostProcessor:Devtools property defaults active! Set 'spring.devtools.add-properties' to 'false' to disable
2023-06-21 23:35:37,282 INFO  [restartedMain] org.springframework.boot.devtools.env.DevToolsPropertyDefaultsPostProcessor:For additional web related logging consider setting the 'logging.level.web' property to 'DEBUG'
2023-06-21 23:35:38,390 INFO  [restartedMain] org.springframework.data.repository.config.RepositoryConfigurationDelegate:Bootstrapping Spring Data JPA repositories in DEFAULT mode.
2023-06-21 23:35:38,507 INFO  [restartedMain] org.springframework.data.repository.config.RepositoryConfigurationDelegate:Finished Spring Data repository scanning in 100 ms. Found 3 JPA repository interfaces.
2023-06-21 23:35:39,455 INFO  [restartedMain] org.springframework.boot.web.embedded.tomcat.TomcatWebServer:Tomcat initialized with port(s): 8080 (http)
2023-06-21 23:35:39,468 INFO  [restartedMain] org.apache.catalina.core.StandardService:Starting service [Tomcat]
2023-06-21 23:35:39,469 INFO  [restartedMain] org.apache.catalina.core.StandardEngine:Starting Servlet engine: [Apache Tomcat/9.0.56]
2023-06-21 23:35:39,541 INFO  [restartedMain] org.apache.catalina.core.ContainerBase.[Tomcat].[localhost].[/]:Initializing Spring embedded WebApplicationContext
2023-06-21 23:35:39,541 INFO  [restartedMain] org.springframework.boot.web.servlet.context.ServletWebServerApplicationContext:Root WebApplicationContext: initialization completed in 2258 ms
2023-06-21 23:35:39,893 INFO  [restartedMain] org.hibernate.jpa.internal.util.LogHelper:HHH000204: Processing PersistenceUnitInfo [name: default]
2023-06-21 23:35:39,965 INFO  [restartedMain] org.hibernate.Version:HHH000412: Hibernate ORM core version 5.6.4.Final
2023-06-21 23:35:40,156 INFO  [restartedMain] org.hibernate.annotations.common.Version:HCANN000001: Hibernate Commons Annotations {5.1.2.Final}
2023-06-21 23:35:40,294 INFO  [restartedMain] com.zaxxer.hikari.HikariDataSource:HikariPool-1 - Starting...
2023-06-21 23:35:40,539 INFO  [restartedMain] com.zaxxer.hikari.HikariDataSource:HikariPool-1 - Start completed.
2023-06-21 23:35:40,559 INFO  [restartedMain] org.hibernate.dialect.Dialect:HHH000400: Using dialect: org.hibernate.dialect.PostgreSQLDialect
2023-06-21 23:35:41,661 INFO  [restartedMain] org.hibernate.engine.transaction.jta.platform.internal.JtaPlatformInitiator:HHH000490: Using JtaPlatform implementation: [org.hibernate.engine.transaction.jta.platform.internal.NoJtaPlatform]
2023-06-21 23:35:41,669 INFO  [restartedMain] org.springframework.orm.jpa.LocalContainerEntityManagerFactoryBean:Initialized JPA EntityManagerFactory for persistence unit 'default'
2023-06-21 23:35:42,553 WARN  [restartedMain] org.springframework.boot.autoconfigure.orm.jpa.JpaBaseConfiguration$JpaWebConfiguration:spring.jpa.open-in-view is enabled by default. Therefore, database queries may be performed during view rendering. Explicitly configure spring.jpa.open-in-view to disable this warning
2023-06-21 23:35:42,727 INFO  [restartedMain] org.springframework.security.web.DefaultSecurityFilterChain:Will secure any request with [org.springframework.security.web.context.request.async.WebAsyncManagerIntegrationFilter@5de42a2d, org.springframework.security.web.context.SecurityContextPersistenceFilter@4aa05307, org.springframework.security.web.header.HeaderWriterFilter@74bd331c, org.springframework.security.web.authentication.logout.LogoutFilter@4e50299f, org.springframework.security.web.authentication.www.BasicAuthenticationFilter@794523d6, org.springframework.security.web.savedrequest.RequestCacheAwareFilter@4bd5693, org.springframework.security.web.servletapi.SecurityContextHolderAwareRequestFilter@4ca8b5ab, org.springframework.security.web.authentication.AnonymousAuthenticationFilter@121ae68c, org.springframework.security.web.session.SessionManagementFilter@31e5c939, org.springframework.security.web.access.ExceptionTranslationFilter@5005ae2c, org.springframework.security.web.access.intercept.FilterSecurityInterceptor@677d6527, org.springframework.security.web.access.intercept.AuthorizationFilter@56accc48]
2023-06-21 23:35:43,042 INFO  [restartedMain] org.springframework.boot.autoconfigure.web.servlet.WelcomePageHandlerMapping:Adding welcome page: class path resource [static/index.html]
2023-06-21 23:35:43,347 INFO  [restartedMain] org.springframework.boot.devtools.autoconfigure.OptionalLiveReloadServer:LiveReload server is running on port 35729
2023-06-21 23:35:43,355 INFO  [restartedMain] org.springframework.boot.actuate.endpoint.web.EndpointLinksResolver:Exposing 6 endpoint(s) beneath base path '/actuator'
2023-06-21 23:35:43,413 INFO  [restartedMain] org.springframework.boot.web.embedded.tomcat.TomcatWebServer:Tomcat started on port(s): 8080 (http) with context path ''
2023-06-21 23:35:43,429 INFO  [restartedMain] com.tpe.SpringBootIntroApplication:Started SpringBootIntroApplication in 6.859 seconds (JVM running for 7.478)
2023-06-21 23:36:13,790 INFO  [http-nio-8080-exec-2] org.apache.catalina.core.ContainerBase.[Tomcat].[localhost].[/]:Initializing Spring DispatcherServlet 'dispatcherServlet'
2023-06-21 23:36:13,940 WARN  [http-nio-8080-exec-2] org.apache.catalina.util.SessionIdGeneratorBase:Creation of SecureRandom instance for session ID generation using [SHA1PRNG] took [102] milliseconds.
2023-06-21 23:37:11,883 INFO  [SpringApplicationShutdownHook] org.springframework.orm.jpa.LocalContainerEntityManagerFactoryBean:Closing JPA EntityManagerFactory for persistence unit 'default'
2023-06-21 23:37:11,886 INFO  [SpringApplicationShutdownHook] com.zaxxer.hikari.HikariDataSource:HikariPool-1 - Shutdown initiated...
2023-06-21 23:37:11,891 INFO  [SpringApplicationShutdownHook] com.zaxxer.hikari.HikariDataSource:HikariPool-1 - Shutdown completed.
2023-06-21 23:37:16,459 INFO  [restartedMain] com.tpe.SpringBootIntroApplication:Starting SpringBootIntroApplication using Java 17.0.5 on YAKAMOZ with PID 19052 (E:\TechProInstructor\B151-157\B153-154-JAVA-DEV-TR\08- SpringBoot\SpringBootIntro\target\classes started by MSI in E:\TechProInstructor\B151-157\B153-154-JAVA-DEV-TR\08- SpringBoot\SpringBootIntro)
2023-06-21 23:37:16,460 INFO  [restartedMain] com.tpe.SpringBootIntroApplication:No active profile set, falling back to default profiles: default
2023-06-21 23:37:16,522 INFO  [restartedMain] org.springframework.boot.devtools.env.DevToolsPropertyDefaultsPostProcessor:Devtools property defaults active! Set 'spring.devtools.add-properties' to 'false' to disable
2023-06-21 23:37:16,522 INFO  [restartedMain] org.springframework.boot.devtools.env.DevToolsPropertyDefaultsPostProcessor:For additional web related logging consider setting the 'logging.level.web' property to 'DEBUG'
2023-06-21 23:37:17,760 INFO  [restartedMain] org.springframework.data.repository.config.RepositoryConfigurationDelegate:Bootstrapping Spring Data JPA repositories in DEFAULT mode.
2023-06-21 23:37:17,837 INFO  [restartedMain] org.springframework.data.repository.config.RepositoryConfigurationDelegate:Finished Spring Data repository scanning in 63 ms. Found 3 JPA repository interfaces.
2023-06-21 23:37:18,696 INFO  [restartedMain] org.springframework.boot.web.embedded.tomcat.TomcatWebServer:Tomcat initialized with port(s): 8080 (http)
2023-06-21 23:37:18,709 INFO  [restartedMain] org.apache.catalina.core.StandardService:Starting service [Tomcat]
2023-06-21 23:37:18,709 INFO  [restartedMain] org.apache.catalina.core.StandardEngine:Starting Servlet engine: [Apache Tomcat/9.0.56]
2023-06-21 23:37:18,786 INFO  [restartedMain] org.apache.catalina.core.ContainerBase.[Tomcat].[localhost].[/]:Initializing Spring embedded WebApplicationContext
2023-06-21 23:37:18,786 INFO  [restartedMain] org.springframework.boot.web.servlet.context.ServletWebServerApplicationContext:Root WebApplicationContext: initialization completed in 2263 ms
2023-06-21 23:37:19,221 INFO  [restartedMain] org.hibernate.jpa.internal.util.LogHelper:HHH000204: Processing PersistenceUnitInfo [name: default]
2023-06-21 23:37:19,315 INFO  [restartedMain] org.hibernate.Version:HHH000412: Hibernate ORM core version 5.6.4.Final
2023-06-21 23:37:19,538 INFO  [restartedMain] org.hibernate.annotations.common.Version:HCANN000001: Hibernate Commons Annotations {5.1.2.Final}
2023-06-21 23:37:19,634 INFO  [restartedMain] com.zaxxer.hikari.HikariDataSource:HikariPool-1 - Starting...
2023-06-21 23:37:19,883 INFO  [restartedMain] com.zaxxer.hikari.HikariDataSource:HikariPool-1 - Start completed.
2023-06-21 23:37:19,917 INFO  [restartedMain] org.hibernate.dialect.Dialect:HHH000400: Using dialect: org.hibernate.dialect.PostgreSQLDialect
2023-06-21 23:37:20,938 INFO  [restartedMain] org.hibernate.engine.transaction.jta.platform.internal.JtaPlatformInitiator:HHH000490: Using JtaPlatform implementation: [org.hibernate.engine.transaction.jta.platform.internal.NoJtaPlatform]
2023-06-21 23:37:20,946 INFO  [restartedMain] org.springframework.orm.jpa.LocalContainerEntityManagerFactoryBean:Initialized JPA EntityManagerFactory for persistence unit 'default'
2023-06-21 23:37:21,721 WARN  [restartedMain] org.springframework.boot.autoconfigure.orm.jpa.JpaBaseConfiguration$JpaWebConfiguration:spring.jpa.open-in-view is enabled by default. Therefore, database queries may be performed during view rendering. Explicitly configure spring.jpa.open-in-view to disable this warning
2023-06-21 23:37:21,932 INFO  [restartedMain] org.springframework.security.web.DefaultSecurityFilterChain:Will secure any request with [org.springframework.security.web.context.request.async.WebAsyncManagerIntegrationFilter@f23b98b, org.springframework.security.web.context.SecurityContextPersistenceFilter@6baf8b14, org.springframework.security.web.header.HeaderWriterFilter@57712d85, org.springframework.security.web.authentication.logout.LogoutFilter@60f21983, org.springframework.security.web.authentication.www.BasicAuthenticationFilter@483ada12, org.springframework.security.web.savedrequest.RequestCacheAwareFilter@29416d5, org.springframework.security.web.servletapi.SecurityContextHolderAwareRequestFilter@5b822c2c, org.springframework.security.web.authentication.AnonymousAuthenticationFilter@fd6e378, org.springframework.security.web.session.SessionManagementFilter@31af0475, org.springframework.security.web.access.ExceptionTranslationFilter@7192f6cd, org.springframework.security.web.access.intercept.AuthorizationFilter@3c7ee8af]
2023-06-21 23:37:22,333 INFO  [restartedMain] org.springframework.boot.autoconfigure.web.servlet.WelcomePageHandlerMapping:Adding welcome page: class path resource [static/index.html]
2023-06-21 23:37:22,709 INFO  [restartedMain] org.springframework.boot.devtools.autoconfigure.OptionalLiveReloadServer:LiveReload server is running on port 35729
2023-06-21 23:37:22,721 INFO  [restartedMain] org.springframework.boot.actuate.endpoint.web.EndpointLinksResolver:Exposing 6 endpoint(s) beneath base path '/actuator'
2023-06-21 23:37:22,813 INFO  [restartedMain] org.springframework.boot.web.embedded.tomcat.TomcatWebServer:Tomcat started on port(s): 8080 (http) with context path ''
2023-06-21 23:37:22,832 INFO  [restartedMain] com.tpe.SpringBootIntroApplication:Started SpringBootIntroApplication in 6.885 seconds (JVM running for 7.465)
2023-06-21 23:37:27,405 INFO  [http-nio-8080-exec-1] org.apache.catalina.core.ContainerBase.[Tomcat].[localhost].[/]:Initializing Spring DispatcherServlet 'dispatcherServlet'
2023-06-21 23:39:00,694 INFO  [SpringApplicationShutdownHook] org.springframework.orm.jpa.LocalContainerEntityManagerFactoryBean:Closing JPA EntityManagerFactory for persistence unit 'default'
2023-06-21 23:39:00,699 INFO  [SpringApplicationShutdownHook] com.zaxxer.hikari.HikariDataSource:HikariPool-1 - Shutdown initiated...
2023-06-21 23:39:00,709 INFO  [SpringApplicationShutdownHook] com.zaxxer.hikari.HikariDataSource:HikariPool-1 - Shutdown completed.
